<?xml version="1.0" encoding="UTF-8"?>
<!-- Generated by org.testng.reporters.JUnitXMLReporter -->
<testsuite ignored="0" hostname="LTIN496454" failures="0" tests="3" name="Test Edge" time="19.455" errors="0" timestamp="2025-07-08T14:52:55 IST">
  <testcase classname="com.testing.scenario.TestNGMain" name="navigatingToHomePage" time="3.252"/>
  <testcase classname="com.testing.scenario.TestNGMain" name="projectList" time="0.085"/>
  <testcase classname="com.testing.scenario.TestNGMain" name="navigatingToEnquiry" time="0.361"/>
</testsuite> <!-- Test Edge -->
